<?xml version="1.0" encoding="utf-8"?><testsuites name="pytest tests"><testsuite name="pytest" errors="0" failures="2" skipped="0" tests="19" time="5.823" timestamp="2026-04-24T10:24:26.932443+00:00" hostname="agent-env-725dee6c-9224-48ea-9a31-bfe487e3daca"><testcase classname="backend.tests.test_triphost.TestAuth" name="test_register_duplicate" time="0.797" /><testcase classname="backend.tests.test_triphost.TestAuth" name="test_login_success" time="0.366"><failure message="AssertionError: assert 'test_host_57...@triphost.com' == 'TEST_host_57...@triphost.com'&#10;  &#10;  - TEST_host_579b76c7@triphost.com&#10;  ? ^^^^&#10;  + test_host_579b76c7@triphost.com&#10;  ? ^^^^">backend/tests/test_triphost.py:43: in test_login_success
    assert r.json()["user"]["email"] == host_user["email"]
E   AssertionError: assert 'test_host_57...@triphost.com' == 'TEST_host_57...@triphost.com'
E     
E     - TEST_host_579b76c7@triphost.com
E     ? ^^^^
E     + test_host_579b76c7@triphost.com
E     ? ^^^^</failure></testcase><testcase classname="backend.tests.test_triphost.TestAuth" name="test_login_fail" time="0.367" /><testcase classname="backend.tests.test_triphost.TestAuth" name="test_me" time="0.105" /><testcase classname="backend.tests.test_triphost.TestAuth" name="test_me_unauth" time="0.105" /><testcase classname="backend.tests.test_triphost.TestTrips" name="test_create_and_persist" time="0.248" /><testcase classname="backend.tests.test_triphost.TestTrips" name="test_list_trips" time="0.102" /><testcase classname="backend.tests.test_triphost.TestTrips" name="test_patch_trip" time="0.219" /><testcase classname="backend.tests.test_triphost.TestTrips" name="test_join_invalid_code" time="0.458" /><testcase classname="backend.tests.test_triphost.TestTrips" name="test_join_trip_with_code" time="0.111" /><testcase classname="backend.tests.test_triphost.TestTrips" name="test_non_member_forbidden" time="0.425" /><testcase classname="backend.tests.test_triphost.TestTrips" name="test_host_cannot_leave" time="0.110" /><testcase classname="backend.tests.test_triphost.TestTrips" name="test_guest_can_leave" time="0.219" /><testcase classname="backend.tests.test_triphost.TestFlights" name="test_add_and_list_flight" time="0.320" /><testcase classname="backend.tests.test_triphost.TestFlights" name="test_flight_for_non_member_trip" time="0.159" /><testcase classname="backend.tests.test_triphost.TestPayments" name="test_packages" time="0.098" /><testcase classname="backend.tests.test_triphost.TestPayments" name="test_checkout_invalid_package" time="0.105" /><testcase classname="backend.tests.test_triphost.TestPayments" name="test_checkout_creates_session" time="1.012"><failure message="assert 500 == 200&#10; +  where 500 = &lt;Response [500]&gt;.status_code">backend/tests/test_triphost.py:194: in test_checkout_creates_session
    assert s.status_code == 200
E   assert 500 == 200
E    +  where 500 = &lt;Response [500]&gt;.status_code</failure></testcase><testcase classname="backend.tests.test_triphost.TestCleanup" name="test_delete_trip" time="0.218" /></testsuite></testsuites>